make -C cuda
make[1]: Entering directory '/home/hyoungjo/transformer-cuda/cuda'
make[1]: Nothing to be done for 'all'.
make[1]: Leaving directory '/home/hyoungjo/transformer-cuda/cuda'
[SLURM][INFO] Run started on baram at Sat Dec 20 08:01:49 PM KST 2025
[CUDA][INFO] Loading model weights...
[CUDA][INFO] Loading data from data/weights.bin
[CUDA][INFO] Starting inference loop [0, 15)
[CUDA][INFO] Loading data from data/0/input_ids.bin
[CUDA][TRACE] Input size: 13 tokens
[CUDA][TRACE] Predicted token_id: 318
[CUDA][TRACE] Max probability: 0.150397
[CUDA][INFO] Loading data from data/0/probs.bin
[CUDA][INFO] Sample 0 Passed | Max Error: 0.000936806
[CUDA][INFO] Loading data from data/1/input_ids.bin
[CUDA][TRACE] Input size: 17 tokens
[CUDA][TRACE] Predicted token_id: 326
[CUDA][TRACE] Max probability: 0.558181
[CUDA][INFO] Loading data from data/1/probs.bin
[CUDA][INFO] Sample 1 Passed | Max Error: 0.00395381
[CUDA][INFO] Loading data from data/2/input_ids.bin
[CUDA][TRACE] Input size: 64 tokens
[CUDA][TRACE] Predicted token_id: 326
[CUDA][TRACE] Max probability: 0.362034
[CUDA][INFO] Loading data from data/2/probs.bin
[CUDA][INFO] Sample 2 Passed | Max Error: 0.00482452
[CUDA][INFO] Loading data from data/3/input_ids.bin
[CUDA][TRACE] Input size: 200 tokens
[CUDA][TRACE] Predicted token_id: 1900
[CUDA][TRACE] Max probability: 0.0417338
[CUDA][INFO] Loading data from data/3/probs.bin
[CUDA][INFO] Sample 3 Passed | Max Error: 0.00121192
[CUDA][INFO] Loading data from data/4/input_ids.bin
[CUDA][TRACE] Input size: 301 tokens
[CUDA][TRACE] Predicted token_id: 302
[CUDA][TRACE] Max probability: 0.0423672
[CUDA][INFO] Loading data from data/4/probs.bin
[CUDA][INFO] Sample 4 Passed | Max Error: 0.00114226
[CUDA][INFO] Loading data from data/5/input_ids.bin
[CUDA][TRACE] Input size: 305 tokens
[CUDA][TRACE] Predicted token_id: 262
[CUDA][TRACE] Max probability: 0.198207
[CUDA][INFO] Loading data from data/5/probs.bin
[CUDA][INFO] Sample 5 Passed | Max Error: 0.0019356
[CUDA][INFO] Loading data from data/6/input_ids.bin
[CUDA][TRACE] Input size: 320 tokens
[CUDA][TRACE] Predicted token_id: 1716
[CUDA][TRACE] Max probability: 0.0735405
[CUDA][INFO] Loading data from data/6/probs.bin
[CUDA][INFO] Sample 6 Passed | Max Error: 0.00113149
[CUDA][INFO] Loading data from data/7/input_ids.bin
[CUDA][TRACE] Input size: 332 tokens
[CUDA][TRACE] Predicted token_id: 262
[CUDA][TRACE] Max probability: 0.159425
[CUDA][INFO] Loading data from data/7/probs.bin
[CUDA][INFO] Sample 7 Passed | Max Error: 0.00043547
[CUDA][INFO] Loading data from data/8/input_ids.bin
[CUDA][TRACE] Input size: 342 tokens
[CUDA][TRACE] Predicted token_id: 257
[CUDA][TRACE] Max probability: 0.114258
[CUDA][INFO] Loading data from data/8/probs.bin
[CUDA][INFO] Sample 8 Passed | Max Error: 0.00172123
[CUDA][INFO] Loading data from data/9/input_ids.bin
[CUDA][TRACE] Input size: 344 tokens
[CUDA][TRACE] Predicted token_id: 262
[CUDA][TRACE] Max probability: 0.159761
[CUDA][INFO] Loading data from data/9/probs.bin
[CUDA][INFO] Sample 9 Passed | Max Error: 0.00111984
[CUDA][INFO] Loading data from data/10/input_ids.bin
[CUDA][TRACE] Input size: 363 tokens
[CUDA][TRACE] Predicted token_id: 318
[CUDA][TRACE] Max probability: 0.176731
[CUDA][INFO] Loading data from data/10/probs.bin
[CUDA][INFO] Sample 10 Passed | Max Error: 0.0035736
[CUDA][INFO] Loading data from data/11/input_ids.bin
[CUDA][TRACE] Input size: 364 tokens
[CUDA][TRACE] Predicted token_id: 307
[CUDA][TRACE] Max probability: 0.0867266
[CUDA][INFO] Loading data from data/11/probs.bin
[CUDA][INFO] Sample 11 Passed | Max Error: 0.00224312
[CUDA][INFO] Loading data from data/12/input_ids.bin
[CUDA][TRACE] Input size: 367 tokens
[CUDA][TRACE] Predicted token_id: 468
[CUDA][TRACE] Max probability: 0.103557
[CUDA][INFO] Loading data from data/12/probs.bin
[CUDA][INFO] Sample 12 Passed | Max Error: 0.00193395
[CUDA][INFO] Loading data from data/13/input_ids.bin
[CUDA][TRACE] Input size: 371 tokens
[CUDA][TRACE] Predicted token_id: 561
[CUDA][TRACE] Max probability: 0.102281
[CUDA][INFO] Loading data from data/13/probs.bin
[CUDA][INFO] Sample 13 Passed | Max Error: 0.00280133
[CUDA][INFO] Loading data from data/14/input_ids.bin
[CUDA][TRACE] Input size: 732 tokens
[CUDA][TRACE] Predicted token_id: 262
[CUDA][TRACE] Max probability: 0.218957
[CUDA][INFO] Loading data from data/14/probs.bin
[CUDA][INFO] Sample 14 Passed | Max Error: 0.00255954
------------------------------------------------
[CUDA][INFO] Final Result: 15/15 passed.
[SLURM][INFO] Run finished at Sat Dec 20 08:01:54 PM KST 2025
