make -C cpp
make[1]: Entering directory '/home/hyoungjo/transformer-cuda/cpp'
/home/hyoungjo/miniconda3/envs/cuda/bin/x86_64-conda-linux-gnu-g++ -Wall -Wextra -O3 -march=native -Iinclude -c source/main.cpp -o source/main.o
/home/hyoungjo/miniconda3/envs/cuda/bin/x86_64-conda-linux-gnu-g++ -Wall -Wextra -O3 -march=native -Iinclude source/tensor.o source/operations.o source/utils.o source/gpt2.o source/main.o -o main
/home/hyoungjo/miniconda3/envs/cuda/bin/x86_64-conda-linux-gnu-g++ -Wall -Wextra -O3 -march=native -Iinclude -c source/timer.cpp -o source/timer.o
/home/hyoungjo/miniconda3/envs/cuda/bin/x86_64-conda-linux-gnu-g++ -Wall -Wextra -O3 -march=native -Iinclude source/tensor.o source/operations.o source/utils.o source/gpt2.o source/timer.o -o timer
make[1]: Leaving directory '/home/hyoungjo/transformer-cuda/cpp'
[SLURM][INFO] Run started on baram at Sat Dec 20 04:01:37 AM KST 2025
[CPP][INFO] Loading model weights...
[CPP][INFO] Loading data from data/weights.bin
[CPP][INFO] Starting inference loop [0, 15)
[CPP][INFO] Loading data from data/0/input_ids.bin
[CPP][TRACE] Input size: 13 tokens
[CPP][TRACE] Predicted token_id: 318
[CPP][TRACE] Max probability: 0.151321
[CPP][INFO] Loading data from data/0/probs.bin
[CPP][INFO] Sample 0 Passed | Max Error: 1.88649e-05
[CPP][INFO] Loading data from data/1/input_ids.bin
[CPP][TRACE] Input size: 17 tokens
[CPP][TRACE] Predicted token_id: 326
[CPP][TRACE] Max probability: 0.562207
[CPP][INFO] Loading data from data/1/probs.bin
[CPP][INFO] Sample 1 Passed | Max Error: 7.26581e-05
[CPP][INFO] Loading data from data/2/input_ids.bin
[CPP][TRACE] Input size: 64 tokens
[CPP][TRACE] Predicted token_id: 326
[CPP][TRACE] Max probability: 0.366915
[CPP][INFO] Loading data from data/2/probs.bin
[CPP][INFO] Sample 2 Passed | Max Error: 5.67138e-05
[CPP][INFO] Loading data from data/3/input_ids.bin
[CPP][TRACE] Input size: 200 tokens
[CPP][TRACE] Predicted token_id: 1900
[CPP][TRACE] Max probability: 0.0423926
[CPP][INFO] Loading data from data/3/probs.bin
[CPP][INFO] Sample 3 Passed | Max Error: 8.97795e-06
[CPP][INFO] Loading data from data/4/input_ids.bin
[CPP][TRACE] Input size: 301 tokens
[CPP][TRACE] Predicted token_id: 302
[CPP][TRACE] Max probability: 0.0435151
[CPP][INFO] Loading data from data/4/probs.bin
[CPP][INFO] Sample 4 Passed | Max Error: 5.65872e-06
[CPP][INFO] Loading data from data/5/input_ids.bin
[CPP][TRACE] Input size: 305 tokens
[CPP][TRACE] Predicted token_id: 262
[CPP][TRACE] Max probability: 0.196303
[CPP][INFO] Loading data from data/5/probs.bin
[CPP][INFO] Sample 5 Passed | Max Error: 3.13371e-05
[CPP][INFO] Loading data from data/6/input_ids.bin
[CPP][TRACE] Input size: 320 tokens
[CPP][TRACE] Predicted token_id: 1716
[CPP][TRACE] Max probability: 0.0743112
[CPP][INFO] Loading data from data/6/probs.bin
[CPP][INFO] Sample 6 Passed | Max Error: 7.97212e-06
[CPP][INFO] Loading data from data/7/input_ids.bin
[CPP][TRACE] Input size: 332 tokens
[CPP][TRACE] Predicted token_id: 262
[CPP][TRACE] Max probability: 0.159511
[CPP][INFO] Loading data from data/7/probs.bin
[CPP][INFO] Sample 7 Passed | Max Error: 1.86712e-05
[CPP][INFO] Loading data from data/8/input_ids.bin
[CPP][TRACE] Input size: 342 tokens
[CPP][TRACE] Predicted token_id: 257
[CPP][TRACE] Max probability: 0.115996
[CPP][INFO] Loading data from data/8/probs.bin
[CPP][INFO] Sample 8 Passed | Max Error: 1.65552e-05
[CPP][INFO] Loading data from data/9/input_ids.bin
[CPP][TRACE] Input size: 344 tokens
[CPP][TRACE] Predicted token_id: 262
[CPP][TRACE] Max probability: 0.15954
[CPP][INFO] Loading data from data/9/probs.bin
[CPP][INFO] Sample 9 Passed | Max Error: 1.51545e-05
[CPP][INFO] Loading data from data/10/input_ids.bin
[CPP][TRACE] Input size: 363 tokens
[CPP][TRACE] Predicted token_id: 318
[CPP][TRACE] Max probability: 0.180324
[CPP][INFO] Loading data from data/10/probs.bin
[CPP][INFO] Sample 10 Passed | Max Error: 1.95205e-05
[CPP][INFO] Loading data from data/11/input_ids.bin
[CPP][TRACE] Input size: 364 tokens
[CPP][TRACE] Predicted token_id: 307
[CPP][TRACE] Max probability: 0.0889778
[CPP][INFO] Loading data from data/11/probs.bin
[CPP][INFO] Sample 11 Passed | Max Error: 8.01682e-06
[CPP][INFO] Loading data from data/12/input_ids.bin
[CPP][TRACE] Input size: 367 tokens
[CPP][TRACE] Predicted token_id: 468
[CPP][TRACE] Max probability: 0.1054
[CPP][INFO] Loading data from data/12/probs.bin
[CPP][INFO] Sample 12 Passed | Max Error: 1.05426e-05
[CPP][INFO] Loading data from data/13/input_ids.bin
[CPP][TRACE] Input size: 371 tokens
[CPP][TRACE] Predicted token_id: 561
[CPP][TRACE] Max probability: 0.105095
[CPP][INFO] Loading data from data/13/probs.bin
[CPP][INFO] Sample 13 Passed | Max Error: 1.25542e-05
[CPP][INFO] Loading data from data/14/input_ids.bin
[CPP][TRACE] Input size: 732 tokens
[CPP][TRACE] Predicted token_id: 262
[CPP][TRACE] Max probability: 0.217885
[CPP][INFO] Loading data from data/14/probs.bin
[CPP][INFO] Sample 14 Passed | Max Error: 3.61353e-05
------------------------------------------------
[CPP][INFO] Final Result: 15/15 passed.
[SLURM][INFO] Run finished at Sat Dec 20 04:28:24 AM KST 2025
